[INFO ] 2023-03-27 21:36:12.923 [main] Log - report step up
[INFO ] 2023-03-27 21:36:18.993 [main] Log - Web Browser launched
[INFO ] 2023-03-27 21:36:19.025 [main] Log - Starting test
[INFO ] 2023-03-27 21:36:19.025 [main] Log - Using username/Firstname: problem_user
[INFO ] 2023-03-27 21:36:19.026 [main] Log - logging
[INFO ] 2023-03-27 21:36:19.026 [main] Log - Login atttempt
[INFO ] 2023-03-27 21:36:20.173 [main] Log - Landed homepg
[INFO ] 2023-03-27 21:36:20.510 [main] Log - Logout
[INFO ] 2023-03-27 21:36:20.512 [main] Log - This test is successful Login
[INFO ] 2023-03-27 21:36:20.513 [main] Log - Starting test
[INFO ] 2023-03-27 21:36:20.513 [main] Log - Using username/Firstname: locked_out_user
[INFO ] 2023-03-27 21:36:20.514 [main] Log - logging
[INFO ] 2023-03-27 21:36:20.514 [main] Log - Login atttempt
[ERROR] 2023-03-27 21:36:27.093 [main] Log - Test failed
[INFO ] 2023-03-27 21:36:27.100 [main] Log - logging
[INFO ] 2023-03-27 21:36:27.102 [main] Log - Retrying test
[INFO ] 2023-03-27 21:36:27.103 [main] Log - Login atttempt
[ERROR] 2023-03-27 21:36:33.497 [main] Log - Test failed
[INFO ] 2023-03-27 21:36:33.498 [main] Log - Starting test
[INFO ] 2023-03-27 21:36:33.499 [main] Log - Using username/Firstname: performance_glitch_user
[INFO ] 2023-03-27 21:36:33.499 [main] Log - logging
[INFO ] 2023-03-27 21:36:33.499 [main] Log - Login atttempt
[INFO ] 2023-03-27 21:36:39.259 [main] Log - Landed homepg
[INFO ] 2023-03-27 21:36:40.496 [main] Log - Logout
[INFO ] 2023-03-27 21:36:40.500 [main] Log - This test is successful Login
[INFO ] 2023-03-27 21:36:40.504 [main] Log - Starting test
[INFO ] 2023-03-27 21:36:40.507 [main] Log - Using username: standard_user
[INFO ] 2023-03-27 21:36:40.509 [main] Log - final login
[INFO ] 2023-03-27 21:36:40.510 [main] Log - Login atttempt
[INFO ] 2023-03-27 21:36:41.245 [main] Log - Landed homepg
[INFO ] 2023-03-27 21:36:41.337 [main] Log - This test is successful FLogin
[INFO ] 2023-03-27 21:36:41.347 [main] Log - Starting test
[INFO ] 2023-03-27 21:36:41.348 [main] Log - Adding products to cart
[INFO ] 2023-03-27 21:36:41.348 [main] Log - Selecting products
[INFO ] 2023-03-27 21:36:41.397 [main] Log - added product
[INFO ] 2023-03-27 21:36:41.486 [main] Log - added product
[INFO ] 2023-03-27 21:36:41.663 [main] Log - This test is successful AddToCart
[INFO ] 2023-03-27 21:36:41.666 [main] Log - Starting test
[INFO ] 2023-03-27 21:36:41.668 [main] Log - Checking the Added products in Cart
[INFO ] 2023-03-27 21:36:41.668 [main] Log - Checking products in cart
[INFO ] 2023-03-27 21:36:41.668 [main] Log - Going to cart
[INFO ] 2023-03-27 21:36:41.797 [main] Log - This test is successful CheckCart
[INFO ] 2023-03-27 21:36:41.807 [main] Log - Starting test
[INFO ] 2023-03-27 21:36:41.808 [main] Log - Removing products from Cart
[INFO ] 2023-03-27 21:36:41.810 [main] Log - Removing products
[INFO ] 2023-03-27 21:36:41.941 [main] Log - product removed
[INFO ] 2023-03-27 21:36:42.017 [main] Log - This test is successful RemoveProduct
[INFO ] 2023-03-27 21:36:42.018 [main] Log - Starting test
[INFO ] 2023-03-27 21:36:42.020 [main] Log - Going to Checkout Products
[INFO ] 2023-03-27 21:36:42.021 [main] Log - Check out products
[INFO ] 2023-03-27 21:36:42.174 [main] Log - Going to checkout
[INFO ] 2023-03-27 21:36:42.362 [main] Log - This test is successful CheckOut
[INFO ] 2023-03-27 21:36:42.366 [main] Log - Starting test
[INFO ] 2023-03-27 21:36:42.367 [main] Log - Using username/Firstname: 
[INFO ] 2023-03-27 21:36:42.368 [main] Log - Filling out the incorrect details
[INFO ] 2023-03-27 21:36:42.369 [main] Log - Setting incorrect values
[INFO ] 2023-03-27 21:36:43.856 [main] Log - This test is successful AddIncorrectInfo
[INFO ] 2023-03-27 21:36:43.860 [main] Log - Starting test
[INFO ] 2023-03-27 21:36:43.862 [main] Log - Using username/Firstname: shaiz
[INFO ] 2023-03-27 21:36:43.863 [main] Log - Filling out the incorrect details
[INFO ] 2023-03-27 21:36:43.864 [main] Log - Setting incorrect values
[INFO ] 2023-03-27 21:36:44.910 [main] Log - This test is successful AddIncorrectInfo
[INFO ] 2023-03-27 21:36:44.912 [main] Log - Starting test
[INFO ] 2023-03-27 21:36:44.914 [main] Log - Using username/Firstname: shaiz
[INFO ] 2023-03-27 21:36:44.915 [main] Log - Filling out the incorrect details
[INFO ] 2023-03-27 21:36:44.915 [main] Log - Setting incorrect values
[INFO ] 2023-03-27 21:36:46.079 [main] Log - This test is successful AddIncorrectInfo
[INFO ] 2023-03-27 21:36:46.081 [main] Log - Starting test
[INFO ] 2023-03-27 21:36:46.082 [main] Log - Using username: shaiz
[INFO ] 2023-03-27 21:36:46.084 [main] Log - Adding correct info
[INFO ] 2023-03-27 21:36:46.084 [main] Log - Addning correct info
[INFO ] 2023-03-27 21:36:47.019 [main] Log - This test is successful AddCorrectInfo
[INFO ] 2023-03-27 21:36:47.021 [main] Log - Starting test
[INFO ] 2023-03-27 21:36:47.022 [main] Log - Getting the total price, payment info
[INFO ] 2023-03-27 21:36:47.023 [main] Log - Validating info
[INFO ] 2023-03-27 21:36:47.304 [main] Log - payment infoSauceCard #31337
[INFO ] 2023-03-27 21:36:47.304 [main] Log - ship infoFree Pony Express Delivery!
[INFO ] 2023-03-27 21:36:47.304 [main] Log - price infoTotal: $10.79
[INFO ] 2023-03-27 21:36:47.574 [main] Log - This test is successful GetInfo
[INFO ] 2023-03-27 21:36:48.256 [main] Log - End
[INFO ] 2023-03-27 21:39:24.432 [main] Log - Starting suiteAll Test Suite
[INFO ] 2023-03-27 21:39:24.622 [main] Log - report step up
[INFO ] 2023-03-27 21:39:30.300 [main] Log - Web Browser launched
[INFO ] 2023-03-27 21:39:30.337 [main] Log - Starting test
[INFO ] 2023-03-27 21:39:30.338 [main] Log - Using username/Firstname: problem_user
[INFO ] 2023-03-27 21:39:30.342 [main] Log - logging
[INFO ] 2023-03-27 21:39:30.343 [main] Log - Login atttempt
[INFO ] 2023-03-27 21:39:31.450 [main] Log - Landed homepg
[INFO ] 2023-03-27 21:39:31.827 [main] Log - Logout
[INFO ] 2023-03-27 21:39:31.828 [main] Log - This test is successful Login
[INFO ] 2023-03-27 21:39:31.830 [main] Log - Starting test
[INFO ] 2023-03-27 21:39:31.831 [main] Log - Using username/Firstname: locked_out_user
[INFO ] 2023-03-27 21:39:31.831 [main] Log - logging
[INFO ] 2023-03-27 21:39:31.831 [main] Log - Login atttempt
[ERROR] 2023-03-27 21:39:38.253 [main] Log - Test failed
[INFO ] 2023-03-27 21:39:38.258 [main] Log - logging
[INFO ] 2023-03-27 21:39:38.258 [main] Log - Retrying test
[INFO ] 2023-03-27 21:39:38.259 [main] Log - Login atttempt
[ERROR] 2023-03-27 21:39:44.370 [main] Log - Test failed
[INFO ] 2023-03-27 21:39:44.372 [main] Log - Starting test
[INFO ] 2023-03-27 21:39:44.373 [main] Log - Using username/Firstname: performance_glitch_user
[INFO ] 2023-03-27 21:39:44.373 [main] Log - logging
[INFO ] 2023-03-27 21:39:44.374 [main] Log - Login atttempt
[INFO ] 2023-03-27 21:39:50.225 [main] Log - Landed homepg
[INFO ] 2023-03-27 21:39:51.468 [main] Log - Logout
[INFO ] 2023-03-27 21:39:51.470 [main] Log - This test is successful Login
[INFO ] 2023-03-27 21:39:51.472 [main] Log - Starting test
[INFO ] 2023-03-27 21:39:51.473 [main] Log - Using username: standard_user
[INFO ] 2023-03-27 21:39:51.475 [main] Log - final login
[INFO ] 2023-03-27 21:39:51.476 [main] Log - Login atttempt
[INFO ] 2023-03-27 21:39:52.283 [main] Log - Landed homepg
[INFO ] 2023-03-27 21:39:52.356 [main] Log - This test is successful FLogin
[INFO ] 2023-03-27 21:39:52.360 [main] Log - Starting test
[INFO ] 2023-03-27 21:39:52.360 [main] Log - Adding products to cart
[INFO ] 2023-03-27 21:39:52.361 [main] Log - Selecting products
[INFO ] 2023-03-27 21:39:52.401 [main] Log - added product
[INFO ] 2023-03-27 21:39:52.481 [main] Log - added product
[INFO ] 2023-03-27 21:39:52.659 [main] Log - This test is successful AddToCart
[INFO ] 2023-03-27 21:39:52.660 [main] Log - Starting test
[INFO ] 2023-03-27 21:39:52.662 [main] Log - Checking the Added products in Cart
[INFO ] 2023-03-27 21:39:52.662 [main] Log - Checking products in cart
[INFO ] 2023-03-27 21:39:52.662 [main] Log - Going to cart
[INFO ] 2023-03-27 21:39:52.839 [main] Log - This test is successful CheckCart
[INFO ] 2023-03-27 21:39:52.845 [main] Log - Starting test
[INFO ] 2023-03-27 21:39:52.846 [main] Log - Removing products from Cart
[INFO ] 2023-03-27 21:39:52.846 [main] Log - Removing products
[INFO ] 2023-03-27 21:39:52.995 [main] Log - product removed
[INFO ] 2023-03-27 21:39:53.075 [main] Log - This test is successful RemoveProduct
[INFO ] 2023-03-27 21:39:53.077 [main] Log - Starting test
[INFO ] 2023-03-27 21:39:53.078 [main] Log - Going to Checkout Products
[INFO ] 2023-03-27 21:39:53.078 [main] Log - Check out products
[INFO ] 2023-03-27 21:39:53.209 [main] Log - Going to checkout
[INFO ] 2023-03-27 21:39:53.373 [main] Log - This test is successful CheckOut
[INFO ] 2023-03-27 21:39:53.375 [main] Log - Starting test
[INFO ] 2023-03-27 21:39:53.376 [main] Log - Using username/Firstname: 
[INFO ] 2023-03-27 21:39:53.377 [main] Log - Filling out the incorrect details
[INFO ] 2023-03-27 21:39:53.377 [main] Log - Setting incorrect values
[INFO ] 2023-03-27 21:39:56.595 [main] Log - This test is successful AddIncorrectInfo
[INFO ] 2023-03-27 21:39:56.599 [main] Log - Starting test
[INFO ] 2023-03-27 21:39:56.601 [main] Log - Using username/Firstname: shaiz
[INFO ] 2023-03-27 21:39:56.602 [main] Log - Filling out the incorrect details
[INFO ] 2023-03-27 21:39:56.602 [main] Log - Setting incorrect values
[INFO ] 2023-03-27 21:39:58.280 [main] Log - This test is successful AddIncorrectInfo
[INFO ] 2023-03-27 21:39:58.284 [main] Log - Starting test
[INFO ] 2023-03-27 21:39:58.286 [main] Log - Using username/Firstname: shaiz
[INFO ] 2023-03-27 21:39:58.288 [main] Log - Filling out the incorrect details
[INFO ] 2023-03-27 21:39:58.289 [main] Log - Setting incorrect values
[INFO ] 2023-03-27 21:39:59.707 [main] Log - This test is successful AddIncorrectInfo
[INFO ] 2023-03-27 21:39:59.709 [main] Log - Starting test
[INFO ] 2023-03-27 21:39:59.710 [main] Log - Using username: shaiz
[INFO ] 2023-03-27 21:39:59.710 [main] Log - Adding correct info
[INFO ] 2023-03-27 21:39:59.710 [main] Log - Addning correct info
[INFO ] 2023-03-27 21:40:00.683 [main] Log - This test is successful AddCorrectInfo
[INFO ] 2023-03-27 21:40:00.684 [main] Log - Starting test
[INFO ] 2023-03-27 21:40:00.685 [main] Log - Getting the total price, payment info
[INFO ] 2023-03-27 21:40:00.686 [main] Log - Validating info
[INFO ] 2023-03-27 21:40:00.964 [main] Log - payment infoSauceCard #31337
[INFO ] 2023-03-27 21:40:00.964 [main] Log - ship infoFree Pony Express Delivery!
[INFO ] 2023-03-27 21:40:00.965 [main] Log - price infoTotal: $10.79
[INFO ] 2023-03-27 21:40:01.210 [main] Log - This test is successful GetInfo
[INFO ] 2023-03-27 21:40:01.930 [main] Log - End
[INFO ] 2023-03-27 21:40:01.932 [main] Log - Ending suiteAll Test Suite
[INFO ] 2023-03-27 21:55:05.745 [main] Log - Starting suiteAll Test Suite
[INFO ] 2023-03-27 21:55:05.930 [main] Log - report step up
[INFO ] 2023-03-27 21:55:12.575 [main] Log - Web Browser launched
[INFO ] 2023-03-27 21:55:12.612 [main] Log - Starting test
[INFO ] 2023-03-27 21:55:12.613 [main] Log - Using username/Firstname: problem_user
[INFO ] 2023-03-27 21:55:12.627 [main] Log - logging
[INFO ] 2023-03-27 21:55:12.651 [main] Log - Login atttempt
[INFO ] 2023-03-27 21:55:13.635 [main] Log - Landed homepg
[INFO ] 2023-03-27 21:55:14.818 [main] Log - Logout
[INFO ] 2023-03-27 21:55:14.819 [main] Log - This test is successful Login
[INFO ] 2023-03-27 21:55:14.821 [main] Log - Starting test
[INFO ] 2023-03-27 21:55:14.822 [main] Log - Using username/Firstname: locked_out_user
[INFO ] 2023-03-27 21:55:14.823 [main] Log - logging
[INFO ] 2023-03-27 21:55:14.823 [main] Log - Login atttempt
[ERROR] 2023-03-27 21:55:21.086 [main] Log - Test failed
[INFO ] 2023-03-27 21:55:21.088 [main] Log - logging
[INFO ] 2023-03-27 21:55:21.088 [main] Log - Retrying test
[INFO ] 2023-03-27 21:55:21.089 [main] Log - Login atttempt
[ERROR] 2023-03-27 21:55:27.078 [main] Log - Test failed
[INFO ] 2023-03-27 21:55:27.079 [main] Log - Starting test
[INFO ] 2023-03-27 21:55:27.079 [main] Log - Using username/Firstname: performance_glitch_user
[INFO ] 2023-03-27 21:55:27.080 [main] Log - logging
[INFO ] 2023-03-27 21:55:27.080 [main] Log - Login atttempt
[INFO ] 2023-03-27 21:55:32.856 [main] Log - Landed homepg
[INFO ] 2023-03-27 21:55:33.914 [main] Log - Logout
[INFO ] 2023-03-27 21:55:33.917 [main] Log - This test is successful Login
[INFO ] 2023-03-27 21:55:33.920 [main] Log - Starting test
[INFO ] 2023-03-27 21:55:33.922 [main] Log - Using username: standard_user
[INFO ] 2023-03-27 21:55:33.923 [main] Log - final login
[INFO ] 2023-03-27 21:55:33.924 [main] Log - Login atttempt
[INFO ] 2023-03-27 21:55:34.813 [main] Log - Landed homepg
[INFO ] 2023-03-27 21:55:34.891 [main] Log - This test is successful FLogin
[INFO ] 2023-03-27 21:55:34.895 [main] Log - Starting test
[INFO ] 2023-03-27 21:55:34.896 [main] Log - Adding products to cart
[INFO ] 2023-03-27 21:55:34.896 [main] Log - Selecting products
[INFO ] 2023-03-27 21:55:34.925 [main] Log - added product
[INFO ] 2023-03-27 21:55:34.994 [main] Log - added product
[INFO ] 2023-03-27 21:55:35.138 [main] Log - This test is successful AddToCart
[INFO ] 2023-03-27 21:55:35.139 [main] Log - Starting test
[INFO ] 2023-03-27 21:55:35.140 [main] Log - Checking the Added products in Cart
[INFO ] 2023-03-27 21:55:35.141 [main] Log - Checking products in cart
[INFO ] 2023-03-27 21:55:35.141 [main] Log - Going to cart
[INFO ] 2023-03-27 21:55:35.289 [main] Log - This test is successful CheckCart
[INFO ] 2023-03-27 21:55:35.291 [main] Log - Starting test
[INFO ] 2023-03-27 21:55:35.293 [main] Log - Removing products from Cart
[INFO ] 2023-03-27 21:55:35.294 [main] Log - Removing products
[INFO ] 2023-03-27 21:55:35.413 [main] Log - product removed
[INFO ] 2023-03-27 21:55:35.493 [main] Log - This test is successful RemoveProduct
[INFO ] 2023-03-27 21:55:35.494 [main] Log - Starting test
[INFO ] 2023-03-27 21:55:35.495 [main] Log - Going to Checkout Products
[INFO ] 2023-03-27 21:55:35.495 [main] Log - Check out products
[INFO ] 2023-03-27 21:55:35.626 [main] Log - Going to checkout
[INFO ] 2023-03-27 21:55:35.763 [main] Log - This test is successful CheckOut
[INFO ] 2023-03-27 21:55:35.766 [main] Log - Starting test
[INFO ] 2023-03-27 21:55:35.767 [main] Log - Using username/Firstname: 
[INFO ] 2023-03-27 21:55:35.769 [main] Log - Filling out the incorrect details
[INFO ] 2023-03-27 21:55:35.769 [main] Log - Setting incorrect values
[INFO ] 2023-03-27 21:55:37.058 [main] Log - This test is successful AddIncorrectInfo
[INFO ] 2023-03-27 21:55:37.060 [main] Log - Starting test
[INFO ] 2023-03-27 21:55:37.061 [main] Log - Using username/Firstname: shaiz
[INFO ] 2023-03-27 21:55:37.062 [main] Log - Filling out the incorrect details
[INFO ] 2023-03-27 21:55:37.063 [main] Log - Setting incorrect values
[INFO ] 2023-03-27 21:55:38.534 [main] Log - This test is successful AddIncorrectInfo
[INFO ] 2023-03-27 21:55:38.535 [main] Log - Starting test
[INFO ] 2023-03-27 21:55:38.538 [main] Log - Using username/Firstname: shaiz
[INFO ] 2023-03-27 21:55:38.538 [main] Log - Filling out the incorrect details
[INFO ] 2023-03-27 21:55:38.538 [main] Log - Setting incorrect values
[INFO ] 2023-03-27 21:55:39.706 [main] Log - This test is successful AddIncorrectInfo
[INFO ] 2023-03-27 21:55:39.711 [main] Log - Starting test
[INFO ] 2023-03-27 21:55:39.712 [main] Log - Using username: shaiz
[INFO ] 2023-03-27 21:55:39.717 [main] Log - Adding correct info
[INFO ] 2023-03-27 21:55:39.718 [main] Log - Addning correct info
[INFO ] 2023-03-27 21:55:40.612 [main] Log - This test is successful AddCorrectInfo
[INFO ] 2023-03-27 21:55:40.615 [main] Log - Starting test
[INFO ] 2023-03-27 21:55:40.615 [main] Log - Getting the total price, payment info
[INFO ] 2023-03-27 21:55:40.616 [main] Log - Validating info
[INFO ] 2023-03-27 21:55:40.910 [main] Log - payment infoSauceCard #31337
[INFO ] 2023-03-27 21:55:40.910 [main] Log - ship infoFree Pony Express Delivery!
[INFO ] 2023-03-27 21:55:40.911 [main] Log - price infoTotal: $10.79
[INFO ] 2023-03-27 21:55:41.130 [main] Log - This test is successful GetInfo
[INFO ] 2023-03-27 21:55:41.879 [main] Log - End
[INFO ] 2023-03-27 21:55:41.882 [main] Log - Ending suiteAll Test Suite
[INFO ] 2023-03-27 21:55:41.998 [main] Log - Total failed methods: 2
[INFO ] 2023-03-27 21:55:41.999 [main] Log - Total passed methods: 12
[INFO ] 2024-02-19 18:23:40.153 [main] Log - Removing products
[INFO ] 2024-02-19 18:23:40.206 [main] Log - Selecting products
[INFO ] 2024-02-19 18:23:40.222 [main] Log - Check out products
[INFO ] 2024-02-19 18:23:40.222 [main] Log - Checking products in cart
[INFO ] 2024-02-19 18:23:40.222 [main] Log - Going to cart
[INFO ] 2024-02-19 18:23:40.237 [main] Log - Setting incorrect values
[INFO ] 2024-02-19 18:23:40.237 [main] Log - Setting incorrect values
[INFO ] 2024-02-19 18:23:40.237 [main] Log - Setting incorrect values
[INFO ] 2024-02-19 18:23:40.253 [main] Log - Addning correct info
[INFO ] 2024-02-19 18:23:40.253 [main] Log - Validating info
[INFO ] 2024-02-19 18:32:13.856 [main] Log - Removing products
[INFO ] 2024-02-19 18:32:13.889 [main] Log - Selecting products
[INFO ] 2024-02-19 18:32:13.905 [main] Log - Check out products
[INFO ] 2024-02-19 18:32:13.908 [main] Log - Checking products in cart
[INFO ] 2024-02-19 18:32:13.910 [main] Log - Going to cart
[INFO ] 2024-02-19 18:32:13.916 [main] Log - Setting incorrect values
[INFO ] 2024-02-19 18:32:13.919 [main] Log - Setting incorrect values
[INFO ] 2024-02-19 18:32:13.921 [main] Log - Setting incorrect values
[INFO ] 2024-02-19 18:32:13.932 [main] Log - Addning correct info
[INFO ] 2024-02-19 18:32:13.935 [main] Log - Validating info
[INFO ] 2024-02-19 18:47:45.076 [main] Log - Removing products
[INFO ] 2024-02-19 18:47:45.095 [main] Log - Selecting products
[INFO ] 2024-02-19 18:47:45.104 [main] Log - Check out products
[INFO ] 2024-02-19 18:47:45.107 [main] Log - Checking products in cart
[INFO ] 2024-02-19 18:47:45.107 [main] Log - Going to cart
[INFO ] 2024-02-19 18:47:45.112 [main] Log - Setting incorrect values
[INFO ] 2024-02-19 18:47:45.117 [main] Log - Setting incorrect values
[INFO ] 2024-02-19 18:47:45.118 [main] Log - Setting incorrect values
[INFO ] 2024-02-19 18:47:45.125 [main] Log - Addning correct info
[INFO ] 2024-02-19 18:47:45.127 [main] Log - Validating info
[INFO ] 2024-02-19 18:50:52.506 [main] Log - Removing products
[INFO ] 2024-02-19 18:50:52.562 [main] Log - Selecting products
[INFO ] 2024-02-19 18:50:52.581 [main] Log - Check out products
[INFO ] 2024-02-19 18:50:52.585 [main] Log - Checking products in cart
[INFO ] 2024-02-19 18:50:52.586 [main] Log - Going to cart
[INFO ] 2024-02-19 18:50:52.600 [main] Log - Setting incorrect values
[INFO ] 2024-02-19 18:50:52.604 [main] Log - Setting incorrect values
[INFO ] 2024-02-19 18:50:52.609 [main] Log - Setting incorrect values
[INFO ] 2024-02-19 18:50:52.621 [main] Log - Addning correct info
[INFO ] 2024-02-19 18:50:52.629 [main] Log - Validating info
[INFO ] 2024-02-19 19:05:26.848 [main] Log - Starting suiteAll Test Suite
[INFO ] 2024-02-19 19:05:26.852 [main] Log - Ending suiteAll Test Suite
[INFO ] 2024-02-19 19:06:48.000 [main] Log - Selecting products
[INFO ] 2024-02-19 19:06:48.031 [main] Log - Checking products in cart
[INFO ] 2024-02-19 19:06:48.032 [main] Log - Going to cart
[INFO ] 2024-02-19 19:06:48.062 [main] Log - Removing products
[INFO ] 2024-02-19 19:06:48.064 [main] Log - Check out products
[INFO ] 2024-02-19 19:06:48.070 [main] Log - Setting incorrect values
[INFO ] 2024-02-19 19:06:48.072 [main] Log - Setting incorrect values
[INFO ] 2024-02-19 19:06:48.074 [main] Log - Setting incorrect values
[INFO ] 2024-02-19 19:06:48.076 [main] Log - Addning correct info
[INFO ] 2024-02-19 19:06:48.079 [main] Log - Validating info
[INFO ] 2024-02-19 19:19:18.058 [main] Log - Selecting products
[INFO ] 2024-02-19 19:19:18.084 [main] Log - Checking products in cart
[INFO ] 2024-02-19 19:19:18.084 [main] Log - Going to cart
[INFO ] 2024-02-19 19:19:18.103 [main] Log - Removing products
[INFO ] 2024-02-19 19:19:18.105 [main] Log - Check out products
[INFO ] 2024-02-19 19:19:18.108 [main] Log - Setting incorrect values
[INFO ] 2024-02-19 19:19:18.110 [main] Log - Setting incorrect values
[INFO ] 2024-02-19 19:19:18.113 [main] Log - Setting incorrect values
[INFO ] 2024-02-19 19:19:18.115 [main] Log - Addning correct info
[INFO ] 2024-02-19 19:19:18.118 [main] Log - Validating info
[INFO ] 2024-02-19 19:23:47.230 [main] Log - Web Browser launched
[INFO ] 2024-02-19 19:23:47.238 [main] Log - Login atttempt
[INFO ] 2024-02-19 19:23:47.734 [main] Log - Landed homepg
[INFO ] 2024-02-19 19:23:48.444 [main] Log - Logout
[INFO ] 2024-02-19 19:23:48.444 [main] Log - Login atttempt
[INFO ] 2024-02-19 19:23:54.008 [main] Log - Login atttempt
[INFO ] 2024-02-19 19:23:59.450 [main] Log - Landed homepg
[INFO ] 2024-02-19 19:24:00.326 [main] Log - Logout
[INFO ] 2024-02-19 19:24:00.328 [main] Log - Login atttempt
[INFO ] 2024-02-19 19:24:00.812 [main] Log - Landed homepg
[INFO ] 2024-02-19 19:24:40.521 [main] Log - Web Browser launched
[INFO ] 2024-02-19 19:24:40.527 [main] Log - Login atttempt
[INFO ] 2024-02-19 19:24:41.021 [main] Log - Landed homepg
[INFO ] 2024-02-19 19:24:41.741 [main] Log - Logout
[INFO ] 2024-02-19 19:24:41.741 [main] Log - Login atttempt
[INFO ] 2024-02-19 19:24:47.245 [main] Log - Login atttempt
[INFO ] 2024-02-19 19:24:52.667 [main] Log - Landed homepg
[INFO ] 2024-02-19 19:24:53.519 [main] Log - Logout
[INFO ] 2024-02-19 19:24:53.520 [main] Log - Login atttempt
[INFO ] 2024-02-19 19:24:54.054 [main] Log - Landed homepg
[INFO ] 2024-02-19 19:24:54.132 [main] Log - Selecting products
[INFO ] 2024-02-19 19:24:54.173 [main] Log - added product
[INFO ] 2024-02-19 19:24:54.253 [main] Log - added product
[INFO ] 2024-02-19 19:24:54.351 [main] Log - Checking products in cart
[INFO ] 2024-02-19 19:24:54.351 [main] Log - Going to cart
[INFO ] 2024-02-19 19:24:54.425 [main] Log - Removing products
[INFO ] 2024-02-19 19:24:54.485 [main] Log - product removed
[INFO ] 2024-02-19 19:24:54.526 [main] Log - Check out products
[INFO ] 2024-02-19 19:24:54.594 [main] Log - Going to checkout
[INFO ] 2024-02-19 19:24:54.674 [main] Log - Setting incorrect values
[INFO ] 2024-02-19 19:24:58.053 [main] Log - Setting incorrect values
[INFO ] 2024-02-19 19:24:59.453 [main] Log - Setting incorrect values
[INFO ] 2024-02-19 19:25:00.860 [main] Log - Addning correct info
[INFO ] 2024-02-19 19:25:01.475 [main] Log - Validating info
[INFO ] 2024-02-19 19:25:01.620 [main] Log - payment infoSauceCard #31337
[INFO ] 2024-02-19 19:25:01.620 [main] Log - ship infoFree Pony Express Delivery!
[INFO ] 2024-02-19 19:25:01.620 [main] Log - price infoTotal: $10.79
[INFO ] 2024-02-19 19:25:56.419 [main] Log - Web Browser launched
[INFO ] 2024-02-19 19:25:56.427 [main] Log - Login atttempt
[INFO ] 2024-02-19 19:25:56.917 [main] Log - Landed homepg
[INFO ] 2024-02-19 19:25:57.637 [main] Log - Logout
[INFO ] 2024-02-19 19:25:57.638 [main] Log - Login atttempt
[INFO ] 2024-02-19 19:26:03.146 [main] Log - Login atttempt
[INFO ] 2024-02-19 19:26:08.566 [main] Log - Landed homepg
[INFO ] 2024-02-19 19:26:09.405 [main] Log - Logout
[INFO ] 2024-02-19 19:26:09.406 [main] Log - Login atttempt
[INFO ] 2024-02-19 19:26:09.846 [main] Log - Landed homepg
[INFO ] 2024-02-19 19:26:09.892 [main] Log - Selecting products
[INFO ] 2024-02-19 19:26:09.907 [main] Log - added product
[INFO ] 2024-02-19 19:26:09.944 [main] Log - added product
[INFO ] 2024-02-19 19:26:10.025 [main] Log - Checking products in cart
[INFO ] 2024-02-19 19:26:10.025 [main] Log - Going to cart
[INFO ] 2024-02-19 19:26:10.103 [main] Log - Removing products
[INFO ] 2024-02-19 19:26:10.169 [main] Log - product removed
[INFO ] 2024-02-19 19:26:10.213 [main] Log - Check out products
[INFO ] 2024-02-19 19:26:10.284 [main] Log - Going to checkout
[INFO ] 2024-02-19 19:26:10.367 [main] Log - Setting incorrect values
[INFO ] 2024-02-19 19:26:11.398 [main] Log - Setting incorrect values
[INFO ] 2024-02-19 19:26:13.377 [main] Log - Setting incorrect values
[INFO ] 2024-02-19 19:26:14.912 [main] Log - Addning correct info
[INFO ] 2024-02-19 19:26:17.439 [main] Log - Validating info
[INFO ] 2024-02-19 19:26:17.698 [main] Log - payment infoSauceCard #31337
[INFO ] 2024-02-19 19:26:17.698 [main] Log - ship infoFree Pony Express Delivery!
[INFO ] 2024-02-19 19:26:17.698 [main] Log - price infoTotal: $10.79
[INFO ] 2024-02-19 19:27:00.272 [main] Log - Web Browser launched
[INFO ] 2024-02-19 19:27:00.288 [main] Log - Login atttempt
[INFO ] 2024-02-19 19:27:00.834 [main] Log - Landed homepg
[INFO ] 2024-02-19 19:27:01.587 [main] Log - Logout
[INFO ] 2024-02-19 19:27:01.588 [main] Log - Login atttempt
[INFO ] 2024-02-19 19:27:07.144 [main] Log - Login atttempt
[INFO ] 2024-02-19 19:27:12.535 [main] Log - Landed homepg
[INFO ] 2024-02-19 19:27:13.254 [main] Log - Logout
[INFO ] 2024-02-19 19:27:13.255 [main] Log - Login atttempt
[INFO ] 2024-02-19 19:27:13.596 [main] Log - Landed homepg
[INFO ] 2024-02-19 19:27:13.646 [main] Log - Selecting products
[INFO ] 2024-02-19 19:27:13.668 [main] Log - added product
[INFO ] 2024-02-19 19:27:13.715 [main] Log - added product
[INFO ] 2024-02-19 19:27:13.824 [main] Log - Checking products in cart
[INFO ] 2024-02-19 19:27:13.825 [main] Log - Going to cart
[INFO ] 2024-02-19 19:27:13.930 [main] Log - Removing products
[INFO ] 2024-02-19 19:27:14.012 [main] Log - product removed
[INFO ] 2024-02-19 19:27:14.066 [main] Log - Check out products
[INFO ] 2024-02-19 19:27:14.147 [main] Log - Going to checkout
[INFO ] 2024-02-19 19:27:14.254 [main] Log - Setting incorrect values
[INFO ] 2024-02-19 19:27:15.227 [main] Log - Setting incorrect values
[INFO ] 2024-02-19 19:27:16.107 [main] Log - Setting incorrect values
[INFO ] 2024-02-19 19:27:16.981 [main] Log - Addning correct info
[INFO ] 2024-02-19 19:27:19.510 [main] Log - Validating info
[INFO ] 2024-02-19 19:27:19.645 [main] Log - payment infoSauceCard #31337
[INFO ] 2024-02-19 19:27:19.645 [main] Log - ship infoFree Pony Express Delivery!
[INFO ] 2024-02-19 19:27:19.646 [main] Log - price infoTotal: $10.79
[INFO ] 2024-02-19 20:36:59.345 [main] Log - Web Browser launched
[INFO ] 2024-02-19 20:36:59.359 [main] Log - Login atttempt
[INFO ] 2024-02-19 20:36:59.882 [main] Log - Landed homepg
[INFO ] 2024-02-19 20:37:00.605 [main] Log - Logout
[INFO ] 2024-02-19 20:37:00.606 [main] Log - Login atttempt
[INFO ] 2024-02-19 20:37:06.155 [main] Log - Login atttempt
[INFO ] 2024-02-19 20:37:11.936 [main] Log - Landed homepg
[INFO ] 2024-02-19 20:37:12.887 [main] Log - Logout
[INFO ] 2024-02-19 20:37:12.889 [main] Log - Login atttempt
[INFO ] 2024-02-19 20:37:13.414 [main] Log - Landed homepg
[INFO ] 2024-02-19 20:39:56.416 [main] Log - Web Browser launched
[INFO ] 2024-02-19 20:39:56.423 [main] Log - Login atttempt
[INFO ] 2024-02-19 20:39:56.891 [main] Log - Landed homepg
[INFO ] 2024-02-19 20:39:57.700 [main] Log - Logout
[INFO ] 2024-02-19 20:39:57.701 [main] Log - Login atttempt
[INFO ] 2024-02-19 20:40:03.547 [main] Log - Login atttempt
[INFO ] 2024-02-19 20:40:08.945 [main] Log - Landed homepg
[INFO ] 2024-02-19 20:40:09.640 [main] Log - Logout
[INFO ] 2024-02-19 20:40:09.640 [main] Log - Login atttempt
[INFO ] 2024-02-19 20:40:09.951 [main] Log - Landed homepg
[INFO ] 2024-02-19 20:40:09.993 [main] Log - Selecting products
[INFO ] 2024-02-19 20:40:10.034 [main] Log - added product
[INFO ] 2024-02-19 20:40:10.072 [main] Log - added product
[INFO ] 2024-02-19 20:40:10.175 [main] Log - Checking products in cart
[INFO ] 2024-02-19 20:40:10.175 [main] Log - Going to cart
[INFO ] 2024-02-19 20:40:10.244 [main] Log - Removing products
[INFO ] 2024-02-19 20:40:10.318 [main] Log - product removed
[INFO ] 2024-02-19 20:40:10.364 [main] Log - Check out products
[INFO ] 2024-02-19 20:40:10.442 [main] Log - Going to checkout
[INFO ] 2024-02-19 20:40:10.556 [main] Log - Setting incorrect values
[INFO ] 2024-02-19 20:40:12.028 [main] Log - Setting incorrect values
[INFO ] 2024-02-19 20:40:13.346 [main] Log - Setting incorrect values
[INFO ] 2024-02-19 20:40:14.473 [main] Log - Addning correct info
[INFO ] 2024-02-19 20:40:16.965 [main] Log - Validating info
[INFO ] 2024-02-19 20:40:17.107 [main] Log - payment infoSauceCard #31337
[INFO ] 2024-02-19 20:40:17.107 [main] Log - ship infoFree Pony Express Delivery!
[INFO ] 2024-02-19 20:40:17.107 [main] Log - price infoTotal: $10.79
[INFO ] 2024-02-19 20:41:13.662 [main] Log - Starting suiteAll Test Suite
[INFO ] 2024-02-19 20:41:13.785 [main] Log - report step up
[INFO ] 2024-02-19 20:41:21.029 [main] Log - Web Browser launched
[INFO ] 2024-02-19 20:41:21.042 [main] Log - Starting test
[INFO ] 2024-02-19 20:41:21.043 [main] Log - Using username/Firstname: problem_user
[INFO ] 2024-02-19 20:41:21.043 [main] Log - logging
[INFO ] 2024-02-19 20:41:21.043 [main] Log - Login atttempt
[INFO ] 2024-02-19 20:41:21.528 [main] Log - Landed homepg
[INFO ] 2024-02-19 20:41:22.254 [main] Log - Logout
[INFO ] 2024-02-19 20:41:22.255 [main] Log - This test is successful Login
[INFO ] 2024-02-19 20:41:22.256 [main] Log - Starting test
[INFO ] 2024-02-19 20:41:22.256 [main] Log - Using username/Firstname: locked_out_user
[INFO ] 2024-02-19 20:41:22.258 [main] Log - logging
[INFO ] 2024-02-19 20:41:22.258 [main] Log - Login atttempt
[ERROR] 2024-02-19 20:41:28.310 [main] Log - Test failed
[INFO ] 2024-02-19 20:41:28.311 [main] Log - logging
[INFO ] 2024-02-19 20:41:28.311 [main] Log - Retrying test
[INFO ] 2024-02-19 20:41:28.312 [main] Log - Login atttempt
[ERROR] 2024-02-19 20:41:33.891 [main] Log - Test failed
[INFO ] 2024-02-19 20:41:33.891 [main] Log - Starting test
[INFO ] 2024-02-19 20:41:33.892 [main] Log - Using username/Firstname: performance_glitch_user
[INFO ] 2024-02-19 20:41:33.892 [main] Log - logging
[INFO ] 2024-02-19 20:41:33.892 [main] Log - Login atttempt
[INFO ] 2024-02-19 20:41:39.232 [main] Log - Landed homepg
[INFO ] 2024-02-19 20:41:40.011 [main] Log - Logout
[INFO ] 2024-02-19 20:41:40.012 [main] Log - This test is successful Login
[INFO ] 2024-02-19 20:41:40.014 [main] Log - Starting test
[INFO ] 2024-02-19 20:41:40.015 [main] Log - Using username: standard_user
[INFO ] 2024-02-19 20:41:40.016 [main] Log - final login
[INFO ] 2024-02-19 20:41:40.016 [main] Log - Login atttempt
[INFO ] 2024-02-19 20:41:40.559 [main] Log - Landed homepg
[INFO ] 2024-02-19 20:41:40.635 [main] Log - This test is successful FLogin
[INFO ] 2024-02-19 20:41:40.639 [main] Log - Starting test
[INFO ] 2024-02-19 20:41:40.640 [main] Log - Adding products to cart
[INFO ] 2024-02-19 20:41:40.640 [main] Log - Selecting products
[INFO ] 2024-02-19 20:41:40.669 [main] Log - added product
[INFO ] 2024-02-19 20:41:40.730 [main] Log - added product
[INFO ] 2024-02-19 20:41:40.906 [main] Log - This test is successful AddToCart
[INFO ] 2024-02-19 20:41:40.908 [main] Log - Starting test
[INFO ] 2024-02-19 20:41:40.909 [main] Log - Checking the Added products in Cart
[INFO ] 2024-02-19 20:41:40.910 [main] Log - Checking products in cart
[INFO ] 2024-02-19 20:41:40.911 [main] Log - Going to cart
[INFO ] 2024-02-19 20:41:41.058 [main] Log - This test is successful CheckCart
[INFO ] 2024-02-19 20:41:41.060 [main] Log - Starting test
[INFO ] 2024-02-19 20:41:41.061 [main] Log - Removing products from Cart
[INFO ] 2024-02-19 20:41:41.062 [main] Log - Removing products
[INFO ] 2024-02-19 20:41:41.196 [main] Log - product removed
[INFO ] 2024-02-19 20:41:41.276 [main] Log - This test is successful RemoveProduct
[INFO ] 2024-02-19 20:41:41.277 [main] Log - Starting test
[INFO ] 2024-02-19 20:41:41.278 [main] Log - Going to Checkout Products
[INFO ] 2024-02-19 20:41:41.279 [main] Log - Check out products
[INFO ] 2024-02-19 20:41:41.407 [main] Log - Going to checkout
[INFO ] 2024-02-19 20:41:41.556 [main] Log - This test is successful CheckOut
[INFO ] 2024-02-19 20:41:41.558 [main] Log - Starting test
[INFO ] 2024-02-19 20:41:41.558 [main] Log - Using username/Firstname: 
[INFO ] 2024-02-19 20:41:41.559 [main] Log - Filling out the incorrect details
[INFO ] 2024-02-19 20:41:41.559 [main] Log - Setting incorrect values
[INFO ] 2024-02-19 20:41:42.681 [main] Log - This test is successful AddIncorrectInfo
[INFO ] 2024-02-19 20:41:42.683 [main] Log - Starting test
[INFO ] 2024-02-19 20:41:42.683 [main] Log - Using username/Firstname: shaiz
[INFO ] 2024-02-19 20:41:42.684 [main] Log - Filling out the incorrect details
[INFO ] 2024-02-19 20:41:42.685 [main] Log - Setting incorrect values
[INFO ] 2024-02-19 20:41:43.671 [main] Log - This test is successful AddIncorrectInfo
[INFO ] 2024-02-19 20:41:43.672 [main] Log - Starting test
[INFO ] 2024-02-19 20:41:43.672 [main] Log - Using username/Firstname: shaiz
[INFO ] 2024-02-19 20:41:43.673 [main] Log - Filling out the incorrect details
[INFO ] 2024-02-19 20:41:43.673 [main] Log - Setting incorrect values
[INFO ] 2024-02-19 20:41:44.673 [main] Log - This test is successful AddIncorrectInfo
[INFO ] 2024-02-19 20:41:44.674 [main] Log - Starting test
[INFO ] 2024-02-19 20:41:44.674 [main] Log - Using username: shaiz
[INFO ] 2024-02-19 20:41:44.675 [main] Log - Adding correct info
[INFO ] 2024-02-19 20:41:44.675 [main] Log - Addning correct info
[INFO ] 2024-02-19 20:41:45.149 [main] Log - This test is successful AddCorrectInfo
[INFO ] 2024-02-19 20:41:45.150 [main] Log - Starting test
[INFO ] 2024-02-19 20:41:45.150 [main] Log - Getting the total price, payment info
[INFO ] 2024-02-19 20:41:47.153 [main] Log - Validating info
[INFO ] 2024-02-19 20:41:47.279 [main] Log - payment infoSauceCard #31337
[INFO ] 2024-02-19 20:41:47.279 [main] Log - ship infoFree Pony Express Delivery!
[INFO ] 2024-02-19 20:41:47.279 [main] Log - price infoTotal: $10.79
[INFO ] 2024-02-19 20:41:47.396 [main] Log - This test is successful GetInfo
[INFO ] 2024-02-19 20:41:47.754 [main] Log - End
[INFO ] 2024-02-19 20:41:47.755 [main] Log - Ending suiteAll Test Suite
[INFO ] 2024-02-19 20:41:47.767 [main] Log - Total failed methods: 2
[INFO ] 2024-02-19 20:41:47.767 [main] Log - Total passed methods: 12
[INFO ] 2024-02-19 20:42:37.275 [main] Log - Starting suiteAll Test Suite
[INFO ] 2024-02-19 20:42:37.423 [main] Log - report step up
[INFO ] 2024-02-19 20:42:44.643 [main] Log - Web Browser launched
[INFO ] 2024-02-19 20:42:44.663 [main] Log - Starting test
[INFO ] 2024-02-19 20:42:44.668 [main] Log - Using username/Firstname: problem_user
[INFO ] 2024-02-19 20:42:44.668 [main] Log - logging
[INFO ] 2024-02-19 20:42:44.668 [main] Log - Login atttempt
[INFO ] 2024-02-19 20:42:45.214 [main] Log - Landed homepg
[INFO ] 2024-02-19 20:42:45.945 [main] Log - Logout
[INFO ] 2024-02-19 20:42:45.945 [main] Log - This test is successful Login
[INFO ] 2024-02-19 20:42:45.945 [main] Log - Starting test
[INFO ] 2024-02-19 20:42:45.953 [main] Log - Using username/Firstname: locked_out_user
[INFO ] 2024-02-19 20:42:45.953 [main] Log - logging
[INFO ] 2024-02-19 20:42:45.954 [main] Log - Login atttempt
[ERROR] 2024-02-19 20:42:51.809 [main] Log - Test failed
[INFO ] 2024-02-19 20:42:51.809 [main] Log - logging
[INFO ] 2024-02-19 20:42:51.809 [main] Log - Retrying test
[INFO ] 2024-02-19 20:42:51.809 [main] Log - Login atttempt
[ERROR] 2024-02-19 20:42:57.477 [main] Log - Test failed
[INFO ] 2024-02-19 20:42:57.492 [main] Log - Starting test
[INFO ] 2024-02-19 20:42:57.492 [main] Log - Using username/Firstname: performance_glitch_user
[INFO ] 2024-02-19 20:42:57.492 [main] Log - logging
[INFO ] 2024-02-19 20:42:57.492 [main] Log - Login atttempt
[INFO ] 2024-02-19 20:43:02.882 [main] Log - Landed homepg
[INFO ] 2024-02-19 20:43:03.728 [main] Log - Logout
[INFO ] 2024-02-19 20:43:03.728 [main] Log - This test is successful Login
[INFO ] 2024-02-19 20:43:03.728 [main] Log - Starting test
[INFO ] 2024-02-19 20:43:03.728 [main] Log - Using username: standard_user
[INFO ] 2024-02-19 20:43:03.728 [main] Log - final login
[INFO ] 2024-02-19 20:43:03.728 [main] Log - Login atttempt
[INFO ] 2024-02-19 20:43:04.266 [main] Log - Landed homepg
[INFO ] 2024-02-19 20:43:04.312 [main] Log - This test is successful FLogin
[INFO ] 2024-02-19 20:43:04.315 [main] Log - Starting test
[INFO ] 2024-02-19 20:43:04.315 [main] Log - Adding products to cart
[INFO ] 2024-02-19 20:43:04.315 [main] Log - Selecting products
[INFO ] 2024-02-19 20:43:04.337 [main] Log - added product
[INFO ] 2024-02-19 20:43:04.371 [main] Log - added product
[INFO ] 2024-02-19 20:43:04.446 [main] Log - This test is successful AddToCart
[INFO ] 2024-02-19 20:43:04.446 [main] Log - Starting test
[INFO ] 2024-02-19 20:43:04.446 [main] Log - Checking the Added products in Cart
[INFO ] 2024-02-19 20:43:04.446 [main] Log - Checking products in cart
[INFO ] 2024-02-19 20:43:04.446 [main] Log - Going to cart
[INFO ] 2024-02-19 20:43:04.531 [main] Log - This test is successful CheckCart
[INFO ] 2024-02-19 20:43:04.534 [main] Log - Starting test
[INFO ] 2024-02-19 20:43:04.535 [main] Log - Removing products from Cart
[INFO ] 2024-02-19 20:43:04.536 [main] Log - Removing products
[INFO ] 2024-02-19 20:43:04.601 [main] Log - product removed
[INFO ] 2024-02-19 20:43:04.643 [main] Log - This test is successful RemoveProduct
[INFO ] 2024-02-19 20:43:04.644 [main] Log - Starting test
[INFO ] 2024-02-19 20:43:04.645 [main] Log - Going to Checkout Products
[INFO ] 2024-02-19 20:43:04.645 [main] Log - Check out products
[INFO ] 2024-02-19 20:43:04.715 [main] Log - Going to checkout
[INFO ] 2024-02-19 20:43:04.788 [main] Log - This test is successful CheckOut
[INFO ] 2024-02-19 20:43:04.788 [main] Log - Starting test
[INFO ] 2024-02-19 20:43:04.788 [main] Log - Using username/Firstname: 
[INFO ] 2024-02-19 20:43:04.788 [main] Log - Filling out the incorrect details
[INFO ] 2024-02-19 20:43:04.788 [main] Log - Setting incorrect values
[INFO ] 2024-02-19 20:43:05.749 [main] Log - This test is successful AddIncorrectInfo
[INFO ] 2024-02-19 20:43:05.749 [main] Log - Starting test
[INFO ] 2024-02-19 20:43:05.749 [main] Log - Using username/Firstname: shaiz
[INFO ] 2024-02-19 20:43:05.749 [main] Log - Filling out the incorrect details
[INFO ] 2024-02-19 20:43:05.749 [main] Log - Setting incorrect values
[INFO ] 2024-02-19 20:43:06.650 [main] Log - This test is successful AddIncorrectInfo
[INFO ] 2024-02-19 20:43:06.650 [main] Log - Starting test
[INFO ] 2024-02-19 20:43:06.650 [main] Log - Using username/Firstname: shaiz
[INFO ] 2024-02-19 20:43:06.650 [main] Log - Filling out the incorrect details
[INFO ] 2024-02-19 20:43:06.650 [main] Log - Setting incorrect values
[INFO ] 2024-02-19 20:43:07.502 [main] Log - This test is successful AddIncorrectInfo
[INFO ] 2024-02-19 20:43:07.502 [main] Log - Starting test
[INFO ] 2024-02-19 20:43:07.502 [main] Log - Using username: shaiz
[INFO ] 2024-02-19 20:43:07.502 [main] Log - Adding correct info
[INFO ] 2024-02-19 20:43:07.502 [main] Log - Addning correct info
[INFO ] 2024-02-19 20:43:07.983 [main] Log - This test is successful AddCorrectInfo
[INFO ] 2024-02-19 20:43:07.984 [main] Log - Starting test
[INFO ] 2024-02-19 20:43:07.984 [main] Log - Getting the total price, payment info
[INFO ] 2024-02-19 20:43:09.995 [main] Log - Validating info
[INFO ] 2024-02-19 20:43:10.135 [main] Log - payment infoSauceCard #31337
[INFO ] 2024-02-19 20:43:10.135 [main] Log - ship infoFree Pony Express Delivery!
[INFO ] 2024-02-19 20:43:10.135 [main] Log - price infoTotal: $10.79
[INFO ] 2024-02-19 20:43:10.245 [main] Log - This test is successful GetInfo
[INFO ] 2024-02-19 20:43:10.603 [main] Log - End
[INFO ] 2024-02-19 20:43:10.603 [main] Log - Ending suiteAll Test Suite
[INFO ] 2024-02-19 20:43:10.652 [main] Log - Total failed methods: 2
[INFO ] 2024-02-19 20:43:10.652 [main] Log - Total passed methods: 12
[INFO ] 2024-02-19 20:51:22.839 [main] Log - Starting suiteAll Test Suite
[INFO ] 2024-02-19 20:51:22.976 [main] Log - report step up
[INFO ] 2024-02-19 20:51:27.459 [main] Log - Web Browser launched
[INFO ] 2024-02-19 20:51:27.476 [main] Log - Starting test
[INFO ] 2024-02-19 20:51:27.477 [main] Log - Using username/Firstname: problem_user
[INFO ] 2024-02-19 20:51:27.477 [main] Log - logging
[INFO ] 2024-02-19 20:51:27.477 [main] Log - Login atttempt
[INFO ] 2024-02-19 20:51:28.002 [main] Log - Landed homepg
[INFO ] 2024-02-19 20:51:28.818 [main] Log - Logout
[INFO ] 2024-02-19 20:51:28.819 [main] Log - This test is successful Login
[INFO ] 2024-02-19 20:51:28.821 [main] Log - Starting test
[INFO ] 2024-02-19 20:51:28.822 [main] Log - Using username/Firstname: locked_out_user
[INFO ] 2024-02-19 20:51:28.824 [main] Log - logging
[INFO ] 2024-02-19 20:51:28.825 [main] Log - Login atttempt
[ERROR] 2024-02-19 20:51:34.878 [main] Log - Test failed
[INFO ] 2024-02-19 20:51:34.880 [main] Log - logging
[INFO ] 2024-02-19 20:51:34.880 [main] Log - Retrying test
[INFO ] 2024-02-19 20:51:34.881 [main] Log - Login atttempt
[ERROR] 2024-02-19 20:51:40.487 [main] Log - Test failed
[INFO ] 2024-02-19 20:51:40.489 [main] Log - Starting test
[INFO ] 2024-02-19 20:51:40.489 [main] Log - Using username/Firstname: performance_glitch_user
[INFO ] 2024-02-19 20:51:40.490 [main] Log - logging
[INFO ] 2024-02-19 20:51:40.490 [main] Log - Login atttempt
[INFO ] 2024-02-19 20:51:45.877 [main] Log - Landed homepg
[INFO ] 2024-02-19 20:51:46.676 [main] Log - Logout
[INFO ] 2024-02-19 20:51:46.676 [main] Log - This test is successful Login
[INFO ] 2024-02-19 20:51:46.677 [main] Log - Starting test
[INFO ] 2024-02-19 20:51:46.678 [main] Log - Using username: standard_user
[INFO ] 2024-02-19 20:51:46.678 [main] Log - final login
[INFO ] 2024-02-19 20:51:46.679 [main] Log - Login atttempt
[INFO ] 2024-02-19 20:51:46.984 [main] Log - Landed homepg
[INFO ] 2024-02-19 20:51:47.028 [main] Log - This test is successful FLogin
[INFO ] 2024-02-19 20:51:47.030 [main] Log - Starting test
[INFO ] 2024-02-19 20:51:47.030 [main] Log - Adding products to cart
[INFO ] 2024-02-19 20:51:47.031 [main] Log - Selecting products
[INFO ] 2024-02-19 20:51:47.046 [main] Log - added product
[INFO ] 2024-02-19 20:51:47.076 [main] Log - added product
[INFO ] 2024-02-19 20:51:47.166 [main] Log - This test is successful AddToCart
[INFO ] 2024-02-19 20:51:47.167 [main] Log - Starting test
[INFO ] 2024-02-19 20:51:47.168 [main] Log - Checking the Added products in Cart
[INFO ] 2024-02-19 20:51:47.168 [main] Log - Checking products in cart
[INFO ] 2024-02-19 20:51:47.168 [main] Log - Going to cart
[INFO ] 2024-02-19 20:51:47.245 [main] Log - This test is successful CheckCart
[INFO ] 2024-02-19 20:51:47.246 [main] Log - Starting test
[INFO ] 2024-02-19 20:51:47.247 [main] Log - Removing products from Cart
[INFO ] 2024-02-19 20:51:47.247 [main] Log - Removing products
[INFO ] 2024-02-19 20:51:47.309 [main] Log - product removed
[INFO ] 2024-02-19 20:51:47.350 [main] Log - This test is successful RemoveProduct
[INFO ] 2024-02-19 20:51:47.350 [main] Log - Starting test
[INFO ] 2024-02-19 20:51:47.351 [main] Log - Going to Checkout Products
[INFO ] 2024-02-19 20:51:47.351 [main] Log - Check out products
[INFO ] 2024-02-19 20:51:47.415 [main] Log - Going to checkout
[INFO ] 2024-02-19 20:51:47.487 [main] Log - This test is successful CheckOut
[INFO ] 2024-02-19 20:51:47.488 [main] Log - Starting test
[INFO ] 2024-02-19 20:51:47.489 [main] Log - Using username/Firstname: 
[INFO ] 2024-02-19 20:51:47.489 [main] Log - Filling out the incorrect details
[INFO ] 2024-02-19 20:51:47.489 [main] Log - Setting incorrect values
[INFO ] 2024-02-19 20:51:48.127 [main] Log - This test is successful AddIncorrectInfo
[INFO ] 2024-02-19 20:51:48.128 [main] Log - Starting test
[INFO ] 2024-02-19 20:51:48.128 [main] Log - Using username/Firstname: shaiz
[INFO ] 2024-02-19 20:51:48.129 [main] Log - Filling out the incorrect details
[INFO ] 2024-02-19 20:51:48.129 [main] Log - Setting incorrect values
[INFO ] 2024-02-19 20:51:48.716 [main] Log - This test is successful AddIncorrectInfo
[INFO ] 2024-02-19 20:51:48.717 [main] Log - Starting test
[INFO ] 2024-02-19 20:51:48.718 [main] Log - Using username/Firstname: shaiz
[INFO ] 2024-02-19 20:51:48.719 [main] Log - Filling out the incorrect details
[INFO ] 2024-02-19 20:51:48.719 [main] Log - Setting incorrect values
[INFO ] 2024-02-19 20:51:49.311 [main] Log - This test is successful AddIncorrectInfo
[INFO ] 2024-02-19 20:51:49.312 [main] Log - Starting test
[INFO ] 2024-02-19 20:51:49.312 [main] Log - Using username: shaiz
[INFO ] 2024-02-19 20:51:49.313 [main] Log - Adding correct info
[INFO ] 2024-02-19 20:51:49.313 [main] Log - Addning correct info
[INFO ] 2024-02-19 20:51:49.782 [main] Log - This test is successful AddCorrectInfo
[INFO ] 2024-02-19 20:51:49.783 [main] Log - Starting test
[INFO ] 2024-02-19 20:51:49.783 [main] Log - Getting the total price, payment info
[INFO ] 2024-02-19 20:51:51.788 [main] Log - Validating info
[INFO ] 2024-02-19 20:51:51.941 [main] Log - payment infoSauceCard #31337
[INFO ] 2024-02-19 20:51:51.941 [main] Log - ship infoFree Pony Express Delivery!
[INFO ] 2024-02-19 20:51:51.941 [main] Log - price infoTotal: $10.79
[INFO ] 2024-02-19 20:51:52.079 [main] Log - This test is successful GetInfo
[INFO ] 2024-02-19 20:51:52.410 [main] Log - End
[INFO ] 2024-02-19 20:51:52.412 [main] Log - Ending suiteAll Test Suite
[INFO ] 2024-02-19 20:51:52.425 [main] Log - Total failed methods: 2
[INFO ] 2024-02-19 20:51:52.425 [main] Log - Total passed methods: 12
[INFO ] 2024-02-19 21:00:07.831 [main] Log - Starting suiteAll Test Suite
[INFO ] 2024-02-19 21:00:08.116 [main] Log - report step up
[INFO ] 2024-02-19 21:00:12.916 [main] Log - Web Browser launched
[INFO ] 2024-02-19 21:00:12.946 [main] Log - Starting test
[INFO ] 2024-02-19 21:00:12.947 [main] Log - Using username/Firstname: problem_user
[INFO ] 2024-02-19 21:00:12.947 [main] Log - logging
[INFO ] 2024-02-19 21:00:12.948 [main] Log - Login atttempt
[INFO ] 2024-02-19 21:00:13.584 [main] Log - Landed homepg
[INFO ] 2024-02-19 21:00:14.309 [main] Log - Logout
[INFO ] 2024-02-19 21:00:14.309 [main] Log - This test is successful Login
[INFO ] 2024-02-19 21:00:14.310 [main] Log - Starting test
[INFO ] 2024-02-19 21:00:14.311 [main] Log - Using username/Firstname: locked_out_user
[INFO ] 2024-02-19 21:00:14.311 [main] Log - logging
[INFO ] 2024-02-19 21:00:14.311 [main] Log - Login atttempt
[ERROR] 2024-02-19 21:00:20.070 [main] Log - Test failed
[INFO ] 2024-02-19 21:00:20.071 [main] Log - logging
[INFO ] 2024-02-19 21:00:20.071 [main] Log - Retrying test
[INFO ] 2024-02-19 21:00:20.071 [main] Log - Login atttempt
[ERROR] 2024-02-19 21:00:25.677 [main] Log - Test failed
[INFO ] 2024-02-19 21:00:25.677 [main] Log - Starting test
[INFO ] 2024-02-19 21:00:25.678 [main] Log - Using username/Firstname: performance_glitch_user
[INFO ] 2024-02-19 21:00:25.678 [main] Log - logging
[INFO ] 2024-02-19 21:00:25.678 [main] Log - Login atttempt
[INFO ] 2024-02-19 21:00:31.085 [main] Log - Landed homepg
[INFO ] 2024-02-19 21:00:31.842 [main] Log - Logout
[INFO ] 2024-02-19 21:00:31.842 [main] Log - This test is successful Login
[INFO ] 2024-02-19 21:00:31.843 [main] Log - Starting test
[INFO ] 2024-02-19 21:00:31.843 [main] Log - Using username: standard_user
[INFO ] 2024-02-19 21:00:31.843 [main] Log - final login
[INFO ] 2024-02-19 21:00:31.843 [main] Log - Login atttempt
[INFO ] 2024-02-19 21:00:32.186 [main] Log - Landed homepg
[INFO ] 2024-02-19 21:00:32.226 [main] Log - This test is successful FLogin
[INFO ] 2024-02-19 21:00:32.228 [main] Log - Starting test
[INFO ] 2024-02-19 21:00:32.229 [main] Log - Adding products to cart
[INFO ] 2024-02-19 21:00:32.229 [main] Log - Selecting products
[INFO ] 2024-02-19 21:00:32.251 [main] Log - added product
[INFO ] 2024-02-19 21:00:32.283 [main] Log - added product
[INFO ] 2024-02-19 21:00:32.364 [main] Log - This test is successful AddToCart
[INFO ] 2024-02-19 21:00:32.365 [main] Log - Starting test
[INFO ] 2024-02-19 21:00:32.366 [main] Log - Checking the Added products in Cart
[INFO ] 2024-02-19 21:00:32.366 [main] Log - Checking products in cart
[INFO ] 2024-02-19 21:00:32.366 [main] Log - Going to cart
[INFO ] 2024-02-19 21:00:32.435 [main] Log - This test is successful CheckCart
[INFO ] 2024-02-19 21:00:32.436 [main] Log - Starting test
[INFO ] 2024-02-19 21:00:32.436 [main] Log - Removing products from Cart
[INFO ] 2024-02-19 21:00:32.436 [main] Log - Removing products
[INFO ] 2024-02-19 21:00:32.501 [main] Log - product removed
[INFO ] 2024-02-19 21:00:32.539 [main] Log - This test is successful RemoveProduct
[INFO ] 2024-02-19 21:00:32.546 [main] Log - Starting test
[INFO ] 2024-02-19 21:00:32.546 [main] Log - Going to Checkout Products
[INFO ] 2024-02-19 21:00:32.547 [main] Log - Check out products
[INFO ] 2024-02-19 21:00:32.622 [main] Log - Going to checkout
[INFO ] 2024-02-19 21:00:32.699 [main] Log - This test is successful CheckOut
[INFO ] 2024-02-19 21:00:32.700 [main] Log - Starting test
[INFO ] 2024-02-19 21:00:32.701 [main] Log - Using username/Firstname: 
[INFO ] 2024-02-19 21:00:32.701 [main] Log - Filling out the incorrect details
[INFO ] 2024-02-19 21:00:32.701 [main] Log - Setting incorrect values
[INFO ] 2024-02-19 21:00:33.751 [main] Log - This test is successful AddIncorrectInfo
[INFO ] 2024-02-19 21:00:33.752 [main] Log - Starting test
[INFO ] 2024-02-19 21:00:33.753 [main] Log - Using username/Firstname: shaiz
[INFO ] 2024-02-19 21:00:33.754 [main] Log - Filling out the incorrect details
[INFO ] 2024-02-19 21:00:33.754 [main] Log - Setting incorrect values
[INFO ] 2024-02-19 21:00:34.850 [main] Log - This test is successful AddIncorrectInfo
[INFO ] 2024-02-19 21:00:34.851 [main] Log - Starting test
[INFO ] 2024-02-19 21:00:34.851 [main] Log - Using username/Firstname: shaiz
[INFO ] 2024-02-19 21:00:34.852 [main] Log - Filling out the incorrect details
[INFO ] 2024-02-19 21:00:34.852 [main] Log - Setting incorrect values
[INFO ] 2024-02-19 21:00:35.471 [main] Log - This test is successful AddIncorrectInfo
[INFO ] 2024-02-19 21:00:35.472 [main] Log - Starting test
[INFO ] 2024-02-19 21:00:35.473 [main] Log - Using username: shaiz
[INFO ] 2024-02-19 21:00:35.473 [main] Log - Adding correct info
[INFO ] 2024-02-19 21:00:35.473 [main] Log - Addning correct info
[INFO ] 2024-02-19 21:00:35.961 [main] Log - This test is successful AddCorrectInfo
[INFO ] 2024-02-19 21:00:35.962 [main] Log - Starting test
[INFO ] 2024-02-19 21:00:35.962 [main] Log - Getting the total price, payment info
[INFO ] 2024-02-19 21:00:37.972 [main] Log - Validating info
[INFO ] 2024-02-19 21:00:38.134 [main] Log - payment infoSauceCard #31337
[INFO ] 2024-02-19 21:00:38.134 [main] Log - ship infoFree Pony Express Delivery!
[INFO ] 2024-02-19 21:00:38.134 [main] Log - price infoTotal: $10.79
[INFO ] 2024-02-19 21:00:38.252 [main] Log - This test is successful GetInfo
[INFO ] 2024-02-19 21:00:38.575 [main] Log - End
[INFO ] 2024-02-19 21:00:38.578 [main] Log - Ending suiteAll Test Suite
[INFO ] 2024-02-19 21:00:38.580 [main] Log - Total failed methods: 2
[INFO ] 2024-02-19 21:00:38.580 [main] Log - Total passed methods: 12
